

INTERNAL ERROR:  !dbspace.cpp@1719: eAlreadyInDb

10/20/2018 at 16:21:45.538  Drawing: Drawing1.dwg
-------------


FATAL ERROR:  Unhandled Access Violation Reading 0x0000 Exception at 8e7012d8h

10/21/2018 at 13:38:56.093  Drawing: C:\Users\NAMTRUNG205\Desktop\test select.dwg
-------------


INTERNAL ERROR:  !dbobji.cpp@8638: eNotOpenForWrite

10/21/2018 at 21:33:43.254  Drawing: C:\Users\NAMTRUNG205\Desktop\CAD NOI THAT\03.TU GIAY 800x1200x350 (shoes cabinet).dwg
-------------


FATAL ERROR:  Unhandled Access Violation Reading 0x0000 Exception at 8590b84dh

10/21/2018 at 21:54:04.552  Drawing: C:\Users\NAMTRUNG205\Desktop\CAD NOI THAT\03.TU GIAY 800x1200x350 (shoes cabinet).dwg
-------------


INTERNAL ERROR:  !dbobji.cpp@8638: eNotOpenForWrite

10/21/2018 at 22:19:47.857  Drawing: C:\Users\NAMTRUNG205\Desktop\CAD NOI THAT\03.TU GIAY 800x1200x350 (shoes cabinet).dwg
-------------


FATAL ERROR:  Unhandled Access Violation Reading 0x0000 Exception at 8c935407h

10/22/2018 at 14:33:14.410  Drawing: Drawing1.dwg
-------------


FATAL ERROR:  Unhandled Access Violation Reading 0x0000 Exception at 8c964be7h

10/22/2018 at 14:35:07.896  Drawing: Drawing1.dwg
-------------


FATAL ERROR:  Unhandled Access Violation Reading 0x0000 Exception at 8e882906h

10/22/2018 at 16:26:43.454  Drawing: Drawing1.dwg
-------------


FATAL ERROR:  Unhandled Access Violation Reading 0x0000 Exception at 8aec8af5h

10/22/2018 at 16:28:55.090  Drawing: Drawing1.dwg
-------------


FATAL ERROR:  Unhandled Access Violation Reading 0x0000 Exception at 8d22c2b8h

10/22/2018 at 16:37:43.524  Drawing: Drawing1.dwg
-------------


FATAL ERROR:  Unhandled Access Violation Reading 0x0000 Exception at 8d23cf33h

10/22/2018 at 17:34:16.770  Drawing: Drawing1.dwg
-------------


FATAL ERROR:  Unhandled Access Violation Reading 0x0000 Exception at 8bea0193h

10/22/2018 at 19:14:35.185  Drawing: Drawing1.dwg
-------------


FATAL ERROR:  Unhandled Access Violation Reading 0x0000 Exception at 8e7df7a3h

10/22/2018 at 19:18:19.576  Drawing: Drawing1.dwg
-------------


FATAL ERROR:  Unhandled Access Violation Reading 0x0000 Exception at 8554d2a3h

10/22/2018 at 19:52:06.949  Drawing: C:\Users\NAMTRUNG205\Desktop\REPORT\CAD FILES\WITH CAD\04.TU BEP 1 modun 900(kitchen cabinets).dwg
-------------


FATAL ERROR:  Unhandled Access Violation Reading 0x0000 Exception at 872b3023h

10/23/2018 at 12:52:37.355  Drawing: C:\Users\NAMTRUNG205\Desktop\template.dwg
-------------


FATAL ERROR:  Unhandled Access Violation Reading 0x40a00001 Exception at 87293e43h

10/23/2018 at 13:50:27.394  Drawing: C:\Users\NAMTRUNG205\Desktop\template.dwg
-------------


FATAL ERROR:  Unhandled Access Violation Reading 0x40a00001 Exception at 87283093h

10/23/2018 at 13:54:32.815  Drawing: C:\Users\NAMTRUNG205\Desktop\template.dwg
-------------


FATAL ERROR:  Unhandled Access Violation Reading 0x0000 Exception at 872a1f83h

10/23/2018 at 15:00:09.173  Drawing: C:\Users\NAMTRUNG205\Desktop\template.dwg
-------------


FATAL ERROR:  Unhandled Access Violation Reading 0x0000 Exception at 872c2b03h

10/23/2018 at 15:08:32.594  Drawing: C:\Users\NAMTRUNG205\Desktop\template.dwg
-------------


FATAL ERROR:  Unhandled Access Violation Reading 0x0000 Exception at 87282834h

10/23/2018 at 15:37:44.368  Drawing: C:\Users\NAMTRUNG205\Desktop\template.dwg
-------------


FATAL ERROR:  Unhandled Access Violation Reading 0x0000 Exception at 872b2f97h

10/23/2018 at 15:52:49.829  Drawing: C:\Users\NAMTRUNG205\Desktop\template.dwg
-------------


FATAL ERROR:  Unhandled Access Violation Reading 0x0000 Exception at 872a5827h

10/23/2018 at 15:55:52.899  Drawing: C:\Users\NAMTRUNG205\Desktop\template.dwg
-------------


FATAL ERROR:  Unhandled Access Violation Reading 0x0000 Exception at 8727bc07h

10/23/2018 at 15:58:15.207  Drawing: C:\Users\NAMTRUNG205\Desktop\template.dwg
-------------


INTERNAL ERROR:  !dbobji.cpp@8638: eNotOpenForWrite

10/23/2018 at 16:00:17.944  Drawing: C:\Users\NAMTRUNG205\Desktop\template.dwg
-------------


FATAL ERROR:  Unhandled Access Violation Reading 0x0000 Exception at 872a6e6dh

10/23/2018 at 16:10:39.985  Drawing: C:\Users\NAMTRUNG205\Desktop\template.dwg
-------------


FATAL ERROR:  Unhandled Access Violation Reading 0x0000 Exception at 872a95ddh

10/23/2018 at 16:12:19.491  Drawing: C:\Users\NAMTRUNG205\Desktop\template.dwg
-------------


FATAL ERROR:  Unhandled Access Violation Reading 0x0000 Exception at 872a373dh

10/23/2018 at 16:14:01.959  Drawing: C:\Users\NAMTRUNG205\Desktop\template.dwg
-------------


FATAL ERROR:  Unhandled Access Violation Reading 0x0000 Exception at 87249637h

10/23/2018 at 16:28:52.715  Drawing: C:\Users\NAMTRUNG205\Desktop\template.dwg
-------------


FATAL ERROR:  Unhandled Access Violation Reading 0x0000 Exception at 87244351h

10/23/2018 at 16:49:07.531  Drawing: C:\Users\NAMTRUNG205\Desktop\template.dwg
-------------


FATAL ERROR:  Unhandled Access Violation Reading 0x0000 Exception at 85a7a911h

10/23/2018 at 19:46:46.764  Drawing: Drawing1.dwg
-------------


FATAL ERROR:  Unhandled Access Violation Reading 0x0000 Exception at 85a43a21h

10/23/2018 at 19:48:46.255  Drawing: C:\Users\NAMTRUNG205\Desktop\template.dwg
-------------


FATAL ERROR:  Unhandled Access Violation Reading 0x0000 Exception at 84d0b95dh

10/23/2018 at 20:45:44.884  Drawing: C:\Users\NAMTRUNG205\Desktop\template.dwg
-------------


FATAL ERROR:  Unhandled Access Violation Reading 0x0000 Exception at 84fdb95dh

10/23/2018 at 21:18:24.962  Drawing: C:\Users\NAMTRUNG205\Desktop\template.dwg
-------------


FATAL ERROR:  Unhandled Access Violation Reading 0x0000 Exception at 848fb84dh

10/23/2018 at 21:23:42.070  Drawing: C:\Users\NAMTRUNG205\Desktop\template.dwg
-------------


FATAL ERROR:  Unhandled Access Violation Reading 0x0000 Exception at 8512bb7dh

10/23/2018 at 21:27:17.623  Drawing: C:\Users\NAMTRUNG205\Desktop\template.dwg
-------------


FATAL ERROR:  Unhandled Access Violation Reading 0x0000 Exception at 8c6ab95dh

10/24/2018 at 09:09:01.579  Drawing: C:\Users\NAMTRUNG205\Desktop\template.dwg
-------------


FATAL ERROR:  Unhandled Access Violation Reading 0x0000 Exception at 8cae19c4h

10/24/2018 at 13:55:16.099  Drawing: C:\Users\NAMTRUNG205\Desktop\template.dwg
-------------


FATAL ERROR:  Unhandled Access Violation Reading 0x0000 Exception at 8cac83c4h

10/24/2018 at 13:56:48.947  Drawing: C:\Users\NAMTRUNG205\Desktop\template.dwg
-------------


FATAL ERROR:  Unhandled Access Violation Reading 0x0000 Exception at 8cab5554h

10/24/2018 at 13:58:57.064  Drawing: C:\Users\NAMTRUNG205\Desktop\template.dwg
-------------


FATAL ERROR:  Unhandled Access Violation Reading 0x0000 Exception at 85cc22b4h

10/24/2018 at 21:30:29.955  Drawing: Drawing1.dwg
-------------


FATAL ERROR:  Unhandled Access Violation Reading 0x0000 Exception at 8aa93256h

10/25/2018 at 17:02:39.496  Drawing: C:\Users\NAMTRUNG205\Desktop\template.dwg
-------------


FATAL ERROR:  Unhandled Access Violation Reading 0x0000 Exception at 82fd2ff8h

10/25/2018 at 17:50:28.224  Drawing: C:\Users\NAMTRUNG205\Desktop\template.dwg
-------------


FATAL ERROR:  Unhandled Access Violation Reading 0x0000 Exception at 82fe32c3h

10/25/2018 at 19:33:13.028  Drawing: C:\Users\NAMTRUNG205\Desktop\template.dwg
-------------


FATAL ERROR:  Unhandled Access Violation Reading 0x0000 Exception at 832c2ed3h

10/25/2018 at 19:34:39.018  Drawing: C:\Users\NAMTRUNG205\Desktop\template.dwg
-------------


FATAL ERROR:  Unhandled Access Violation Reading 0x0000 Exception at 8a4a3b53h

10/25/2018 at 19:35:45.900  Drawing: C:\Users\NAMTRUNG205\Desktop\template.dwg
-------------


FATAL ERROR:  Unhandled Access Violation Reading 0x0000 Exception at 832e09e3h

10/25/2018 at 19:49:54.332  Drawing: C:\Users\NAMTRUNG205\Desktop\template.dwg
-------------


FATAL ERROR:  Unhandled Access Violation Reading 0x0000 Exception at 82f314edh

10/25/2018 at 20:34:11.055  Drawing: C:\Users\NAMTRUNG205\Desktop\template.dwg
-------------


FATAL ERROR:  Unhandled Access Violation Reading 0x0000 Exception at 89bb1fbdh

10/25/2018 at 20:35:35.959  Drawing: C:\Users\NAMTRUNG205\Desktop\template.dwg
-------------


FATAL ERROR:  Unhandled Access Violation Reading 0x0000 Exception at 8a8017cdh

10/25/2018 at 20:49:44.676  Drawing: C:\Users\NAMTRUNG205\Desktop\template.dwg
-------------


FATAL ERROR:  Unhandled Access Violation Reading 0x0000 Exception at 89bb190dh

10/25/2018 at 20:51:14.773  Drawing: C:\Users\NAMTRUNG205\Desktop\template.dwg
-------------


FATAL ERROR:  Unhandled Access Violation Reading 0x0000 Exception at 8a876e33h

10/25/2018 at 21:20:35.159  Drawing: C:\Users\NAMTRUNG205\Desktop\template.dwg
-------------


FATAL ERROR:  Unhandled Access Violation Reading 0x0000 Exception at 83370473h

10/25/2018 at 21:30:53.161  Drawing: C:\Users\NAMTRUNG205\Desktop\template.dwg
-------------


FATAL ERROR:  Unhandled Access Violation Reading 0x0000 Exception at 8a52b95dh

10/26/2018 at 11:03:36.482  Drawing: C:\Users\NAMTRUNG205\Desktop\template.dwg
-------------


FATAL ERROR:  Unhandled Access Violation Reading 0x0000 Exception at 8a14883dh

10/26/2018 at 11:44:23.122  Drawing: C:\Users\NAMTRUNG205\Desktop\template.dwg
-------------


FATAL ERROR:  Unhandled Access Violation Reading 0x0000 Exception at 8aa4824dh

10/26/2018 at 11:45:19.129  Drawing: C:\Users\NAMTRUNG205\Desktop\template.dwg
-------------


FATAL ERROR:  Unhandled Access Violation Reading 0x0000 Exception at 8ac12333h

10/26/2018 at 11:56:48.767  Drawing: C:\Users\NAMTRUNG205\Desktop\template.dwg
-------------


FATAL ERROR:  Unhandled Access Violation Reading 0x0000 Exception at 896e824dh

10/26/2018 at 12:24:30.542  Drawing: C:\Users\NAMTRUNG205\Desktop\template.dwg
-------------


FATAL ERROR:  Unhandled Access Violation Reading 0x0000 Exception at 82ffbb7dh

10/26/2018 at 14:20:21.647  Drawing: C:\Users\NAMTRUNG205\Desktop\template.dwg
-------------


FATAL ERROR:  Unhandled Access Violation Reading 0x0000 Exception at 8266b95dh

10/26/2018 at 14:25:46.753  Drawing: C:\Users\NAMTRUNG205\Desktop\template.dwg
-------------


FATAL ERROR:  Unhandled Access Violation Reading 0x0000 Exception at 82b9b95dh

10/26/2018 at 14:26:58.836  Drawing: C:\Users\NAMTRUNG205\Desktop\template.dwg
-------------


FATAL ERROR:  Unhandled Access Violation Reading 0x0000 Exception at 82e4b84dh

10/26/2018 at 14:28:21.899  Drawing: C:\Users\NAMTRUNG205\Desktop\template.dwg
-------------


FATAL ERROR:  Unhandled Access Violation Reading 0x0000 Exception at 82d4b95dh

10/26/2018 at 14:29:04.317  Drawing: C:\Users\NAMTRUNG205\Desktop\template.dwg
-------------


FATAL ERROR:  Unhandled Access Violation Reading 0x0000 Exception at 82bbb95dh

10/26/2018 at 14:42:59.022  Drawing: C:\Users\NAMTRUNG205\Desktop\template.dwg
-------------


FATAL ERROR:  Unhandled Access Violation Reading 0x0000 Exception at 80f2b95dh

10/26/2018 at 14:49:01.653  Drawing: C:\Users\NAMTRUNG205\Desktop\template.dwg
-------------


FATAL ERROR:  Unhandled Access Violation Reading 0x0000 Exception at 812f0632h

10/26/2018 at 14:54:27.728  Drawing: C:\Users\NAMTRUNG205\Desktop\template.dwg
-------------
