C:\Users\NAMTRUNG205\Desktop\templateTest.dwg,03.01 BTC TU GIAY,11/3/2018 2:31:34 PM,NAMTRUNG205,DWF6 ePlot.pc3,ANSI A (8.50 x 11.00 Inches),1:52.2176,
C:\Users\NAMTRUNG205\Desktop\templateTest.dwg,03.01 BTC TU GIAY,11/3/2018 2:37:10 PM,NAMTRUNG205,DWG To PDF.pc3,ISO full bleed A3 (420.00 x 297.00 MM),1:1.00544,
C:\Users\NAMTRUNG205\Desktop\templateTest.dwg,Model,11/3/2018 2:58:15 PM,NAMTRUNG205,DWG To PDF.pc3,ISO full bleed A3 (420.00 x 297.00 MM),1:4.06486,
C:\Users\NAMTRUNG205\Desktop\templateTest.dwg,Model,11/3/2018 3:00:02 PM,NAMTRUNG205,DWG To PDF.pc3,ISO full bleed A3 (420.00 x 297.00 MM),1:4.06486,
C:\Users\NAMTRUNG205\Desktop\templateTest.dwg,Model,11/3/2018 3:39:20 PM,NAMTRUNG205,DWG To PDF.pc3,ISO full bleed A3 (420.00 x 297.00 MM),1:4.17487,
C:\Users\NAMTRUNG205\Desktop\templateTest.dwg,Model,11/3/2018 3:41:16 PM,NAMTRUNG205,DWG To PDF.pc3,ISO full bleed A3 (420.00 x 297.00 MM),1:5.8945,
C:\Users\NAMTRUNG205\Desktop\templateTest.dwg,Model,11/3/2018 3:46:46 PM,NAMTRUNG205,DWG To PDF.pc3,ISO full bleed A3 (420.00 x 297.00 MM),1:5.8945,
C:\Users\NAMTRUNG205\Desktop\templateTest.dwg,03.01 BTC TU GIAY,11/3/2018 3:51:44 PM,NAMTRUNG205,DWG To PDF.pc3,ISO full bleed A3 (420.00 x 297.00 MM),1:1.2487,
C:\Users\NAMTRUNG205\Desktop\templateTest.dwg,03.01 BTC TU GIAY,11/3/2018 3:53:01 PM,NAMTRUNG205,DWG To PDF.pc3,ISO full bleed A3 (420.00 x 297.00 MM),1:0.946434,
C:\Users\NAMTRUNG205\Desktop\templateTest.dwg,03.01 BTC TU GIAY,11/3/2018 3:55:56 PM,NAMTRUNG205,DWG To PDF.pc3,ISO full bleed A3 (420.00 x 297.00 MM),1:1.00537,
C:\Users\NAMTRUNG205\Desktop\templateTest.dwg,03.01 BTC TU GIAY,11/3/2018 8:09:07 PM,NAMTRUNG205,DWG To PDF.pc3,ISO full bleed A3 (420.00 x 297.00 MM),1:1.00537,
C:\Users\NAMTRUNG205\Desktop\templateTest.dwg,03.01 BTC TU GIAY,11/3/2018 8:10:53 PM,NAMTRUNG205,DWG To PDF.pc3,ISO full bleed A3 (420.00 x 297.00 MM),1:1.00537,
C:\Users\NAMTRUNG205\Desktop\templateTest.dwg,03.01 BTC TU GIAY,11/3/2018 8:17:25 PM,NAMTRUNG205,DWG To PDF.pc3,ISO full bleed A3 (420.00 x 297.00 MM),1:1.00537,
C:\Users\NAMTRUNG205\Desktop\templateTest.dwg,03.01 BTC TU GIAY,11/3/2018 8:18:11 PM,NAMTRUNG205,DWG To PDF.pc3,ISO full bleed A3 (420.00 x 297.00 MM),1:1.00537,
C:\Users\NAMTRUNG205\Desktop\templateTest.dwg,03.01 BTC TU GIAY,11/3/2018 8:20:05 PM,NAMTRUNG205,DWG To PDF.pc3,ISO full bleed A3 (420.00 x 297.00 MM),1:1.00537,
C:\Users\NAMTRUNG205\Desktop\templateTest.dwg,03.01 BTC TU GIAY,11/3/2018 8:23:45 PM,NAMTRUNG205,DWG To PDF.pc3,ISO full bleed A3 (420.00 x 297.00 MM),1:1.00537,
C:\Users\NAMTRUNG205\Desktop\templateTest.dwg,03.01 BTC TU GIAY,11/3/2018 10:25:27 PM,NAMTRUNG205,DWFx ePlot (XPS Compatible).pc3,ANSI A (8.50 x 11.00 Inches),1:324.204,
C:\Users\NAMTRUNG205\Desktop\templateTest.dwg,02.02 MAT CAT,11/3/2018 10:25:37 PM,NAMTRUNG205,DWFx ePlot (XPS Compatible).pc3,ANSI A (8.50 x 11.00 Inches),1:52.2176,
C:\Users\NAMTRUNG205\Desktop\templateTest.dwg,02.02 MAT CAT,11/3/2018 10:26:51 PM,NAMTRUNG205,DWFx ePlot (XPS Compatible).pc3,ANSI A (8.50 x 11.00 Inches),1:52.2176,
C:\Users\NAMTRUNG205\Desktop\templateTest.dwg,03.01 BTC TU GIAY,11/3/2018 10:27:01 PM,NAMTRUNG205,DWFx ePlot (XPS Compatible).pc3,ANSI A (8.50 x 11.00 Inches),1:324.194,
C:\Users\NAMTRUNG205\Desktop\templateTest.dwg,02.02 MAT CAT,11/3/2018 10:27:52 PM,NAMTRUNG205,DWFx ePlot (XPS Compatible).pc3,ANSI A (8.50 x 11.00 Inches),1:52.2176,
C:\Users\NAMTRUNG205\Desktop\templateTest.dwg,03.01 BTC TU GIAY,11/3/2018 10:28:01 PM,NAMTRUNG205,DWFx ePlot (XPS Compatible).pc3,ANSI A (8.50 x 11.00 Inches),1:324.194,
C:\Users\NAMTRUNG205\Desktop\templateTest.dwg,03.01 BTC TU GIAY,11/4/2018 10:17:58 AM,NAMTRUNG205,DWFx ePlot (XPS Compatible).pc3,ANSI A (8.50 x 11.00 Inches),1:324.204,
C:\Users\NAMTRUNG205\Desktop\templateTest.dwg,02.02 MAT CAT,11/4/2018 10:18:08 AM,NAMTRUNG205,DWFx ePlot (XPS Compatible).pc3,ANSI A (8.50 x 11.00 Inches),1:52.2176,
